[21Feb2023 18:32:41.099] [Main-Thread/INFO] [ModernUI/Core]: AWT headless: false
[21Feb2023 18:32:41.105] [Main-Thread/INFO] [ModernUI/Core]: Backend Library: LWJGL 3.3.1 build 7
[21Feb2023 18:32:43.913] [Main-Thread/INFO] [ModernUI/Vulkan]: Vulkan version: 1.3.204
[21Feb2023 18:32:43.925] [Main-Thread/INFO] [ModernUI/Vulkan]: Enumerated 19 instance extensions
[21Feb2023 18:32:43.967] [Main-Thread/DEBUG] [ModernUI/Vulkan]: {VK_EXT_debug_utils=>2, VK_KHR_external_memory_capabilities=>1, VK_EXT_debug_report=>10, VK_KHR_external_fence_capabilities=>1, VK_KHR_get_display_properties2=>1, VK_KHR_xcb_surface=>6, VK_KHR_wayland_surface=>6, VK_KHR_surface=>25, VK_EXT_acquire_drm_display=>1, VK_KHR_device_group_creation=>1, VK_EXT_direct_mode_display=>1, VK_EXT_display_surface_counter=>1, VK_EXT_acquire_xlib_display=>1, VK_KHR_xlib_surface=>6, VK_KHR_get_physical_device_properties2=>2, VK_KHR_external_semaphore_capabilities=>1, VK_KHR_surface_protected_capabilities=>1, VK_KHR_get_surface_capabilities2=>1, VK_KHR_display=>23}
[21Feb2023 18:32:45.523] [Main-Thread/INFO] [ModernUI/Vulkan]: Created Vulkan instance, Engine: Arc UI
[21Feb2023 18:32:45.556] [Main-Thread/INFO] [ModernUI/Vulkan]: List device ID 7298, Name: NVIDIA GeForce GTX 1050 Ti, Type: Discrete GPU
[21Feb2023 18:32:45.557] [Main-Thread/INFO] [ModernUI/Vulkan]: Choose device ID 7298, vendor ID: NVIDIA, driver version: 515.65.1.0
[21Feb2023 18:32:45.559] [Main-Thread/INFO] [ModernUI/Vulkan]: Enumerated 136 device extensions
[21Feb2023 18:32:45.560] [Main-Thread/DEBUG] [ModernUI/Vulkan]: {VK_NV_geometry_shader_passthrough=>1, VK_KHR_image_format_list=>1, VK_EXT_index_type_uint8=>1, VK_KHR_variable_pointers=>1, VK_EXT_custom_border_color=>12, VK_EXT_blend_operation_advanced=>2, VK_EXT_display_control=>1, VK_KHR_external_semaphore_fd=>1, VK_KHR_shader_float16_int8=>1, VK_EXT_pipeline_creation_feedback=>1, VK_NV_dedicated_allocation=>1, VK_EXT_scalar_block_layout=>1, VK_EXT_queue_family_foreign=>1, VK_EXT_multi_draw=>1, VK_EXT_image_view_min_lod=>1, VK_NV_fill_rectangle=>1, VK_EXT_tooling_info=>1, VK_KHR_copy_commands2=>1, VK_EXT_vertex_attribute_divisor=>3, VK_KHR_storage_buffer_storage_class=>1, VK_KHR_dedicated_allocation=>3, VK_EXT_sampler_filter_minmax=>2, VK_NV_shader_subgroup_partitioned=>1, VK_EXT_inline_uniform_block=>1, VK_KHR_external_fence_fd=>1, VK_EXT_global_priority=>2, VK_EXT_depth_clip_enable=>1, VK_KHR_shader_integer_dot_product=>1, VK_KHR_shader_terminate_invocation=>1, VK_NVX_multiview_per_view_attributes=>1, VK_NV_viewport_swizzle=>1, VK_EXT_transform_feedback=>1, VK_KHR_bind_memory2=>1, VK_KHR_global_priority=>1, VK_EXT_primitive_topology_list_restart=>1, VK_KHR_draw_indirect_count=>1, VK_EXT_physical_device_drm=>1, VK_EXT_color_write_enable=>1, VK_EXT_fragment_shader_interlock=>1, VK_EXT_conditional_rendering=>2, VK_KHR_external_memory=>1, VK_NV_device_generated_commands=>3, VK_NV_fragment_coverage_to_color=>1, VK_EXT_shader_demote_to_helper_invocation=>1, VK_KHR_maintenance1=>2, VK_EXT_4444_formats=>1, VK_NV_coverage_reduction_mode=>1, VK_EXT_border_color_swizzle=>1, VK_EXT_provoking_vertex=>1, VK_EXT_image_drm_format_modifier=>2, VK_KHR_shader_subgroup_extended_types=>1, VK_KHR_timeline_semaphore=>2, VK_EXT_post_depth_coverage=>1, VK_EXT_shader_subgroup_ballot=>1, VK_KHR_vulkan_memory_model=>3, VK_NV_sample_mask_override_coverage=>1, VK_EXT_load_store_op_none=>1, VK_NV_framebuffer_mixed_samples=>1, VK_NV_device_diagnostic_checkpoints=>2, VK_KHR_sampler_ycbcr_conversion=>14, VK_EXT_buffer_device_address=>2, VK_KHR_get_memory_requirements2=>1, VK_EXT_external_memory_dma_buf=>1, VK_EXT_extended_dynamic_state=>1, VK_EXT_conservative_rasterization=>1, VK_KHR_shader_clock=>1, VK_NV_inherited_viewport_scissor=>1, VK_KHR_create_renderpass2=>1, VK_EXT_memory_budget=>1, VK_KHR_uniform_buffer_standard_layout=>1, VK_EXT_pci_bus_info=>2, VK_KHR_imageless_framebuffer=>1, VK_EXT_discard_rectangles=>1, VK_NV_shader_sm_builtins=>1, VK_KHR_16bit_storage=>1, VK_EXT_depth_clip_control=>1, VK_EXT_shader_subgroup_vote=>1, VK_EXT_robustness2=>1, VK_KHR_external_memory_fd=>1, VK_KHR_maintenance2=>1, VK_EXT_texel_buffer_alignment=>1, VK_EXT_sample_locations=>1, VK_KHR_sampler_mirror_clamp_to_edge=>3, VK_KHR_maintenance4=>2, VK_KHR_maintenance3=>1, VK_EXT_ycbcr_2plane_444_formats=>1, VK_KHR_dynamic_rendering=>1, VK_EXT_private_data=>1, VK_NV_clip_space_w_scaling=>1, VK_KHR_push_descriptor=>2, VK_EXT_descriptor_indexing=>2, VK_KHR_relaxed_block_layout=>1, VK_KHR_spirv_1_4=>1, VK_EXT_calibrated_timestamps=>2, VK_KHR_external_fence=>1, VK_KHR_pipeline_executable_properties=>1, VK_EXT_shader_viewport_index_layer=>1, VK_KHR_external_semaphore=>1, VK_KHR_8bit_storage=>1, VK_NV_linear_color_attachment=>1, VK_KHR_separate_depth_stencil_layouts=>1, VK_EXT_depth_range_unrestricted=>1, VK_KHR_workgroup_memory_explicit_layout=>1, VK_EXT_line_rasterization=>1, VK_NV_device_diagnostics_config=>1, VK_KHR_driver_properties=>1, VK_EXT_global_priority_query=>1, VK_EXT_ycbcr_image_arrays=>1, VK_KHR_shader_draw_parameters=>1, VK_EXT_shader_image_atomic_int64=>1, VK_KHR_device_group=>4, VK_KHR_buffer_device_address=>1, VK_KHR_depth_stencil_resolve=>1, VK_EXT_host_query_reset=>1, VK_EXT_separate_stencil_usage=>1, VK_EXT_external_memory_host=>1, VK_NV_viewport_array2=>1, VK_KHR_descriptor_update_template=>1, VK_NV_dedicated_allocation_image_aliasing=>1, VK_KHR_present_id=>1, VK_KHR_shader_float_controls=>4, VK_KHR_shader_atomic_int64=>1, VK_KHR_swapchain_mutable_format=>1, VK_EXT_image_robustness=>1, VK_EXT_vertex_input_dynamic_state=>2, VK_KHR_present_wait=>1, VK_EXT_extended_dynamic_state2=>1, VK_KHR_swapchain=>70, VK_KHR_zero_initialize_workgroup_memory=>1, VK_KHR_multiview=>1, VK_KHR_synchronization2=>1, VK_EXT_pipeline_creation_cache_control=>3, VK_EXT_subgroup_size_control=>2, VK_KHR_format_feature_flags2=>1, VK_EXT_shader_atomic_float=>1, VK_KHR_shader_non_semantic_info=>1}
[21Feb2023 18:32:45.563] [Main-Thread/INFO] [ModernUI/Vulkan]: Enabled VK_EXT_blend_operation_advanced
[21Feb2023 18:32:45.722] [Main-Thread/INFO] [ModernUI/Vulkan]: Created Vulkan device, Queue index: 0
[21Feb2023 18:32:45.723] [Main-Thread/INFO] [ModernUI/Core]: Initializing window system
[21Feb2023 18:32:49.084] [Main-Thread/INFO] [ModernUI/Core]: Preparing threads
[21Feb2023 18:32:49.086] [Render-Thread/INFO] [ModernUI/Core]: Initializing render thread
[21Feb2023 18:32:49.087] [UI-Thread/INFO] [ModernUI/Core]: Initializing UI thread
[21Feb2023 18:32:49.356] [Render-Thread/DEBUG] [ModernUI/OpenGL]: Using OpenGL 4.3 for error logging
[21Feb2023 18:32:49.358] [Render-Thread/INFO] [ModernUI/OpenGL]: OpenGL vendor: NVIDIA Corporation
[21Feb2023 18:32:49.358] [Render-Thread/INFO] [ModernUI/OpenGL]: OpenGL renderer: NVIDIA GeForce GTX 1050 Ti/PCIe/SSE2
[21Feb2023 18:32:49.359] [Render-Thread/INFO] [ModernUI/OpenGL]: OpenGL version: 4.6.0 NVIDIA 515.65.01
[21Feb2023 18:32:49.360] [Render-Thread/INFO] [ModernUI/OpenGL]: Max texture size: 32768
[21Feb2023 18:32:49.360] [Render-Thread/INFO] [ModernUI/OpenGL]: Max renderbuffer size: 32768
[21Feb2023 18:32:49.360] [Render-Thread/INFO] [ModernUI/OpenGL]: Max array texture layers: 2048
[21Feb2023 18:32:49.361] [Render-Thread/DEBUG] [ModernUI/OpenGL]: NV blend equation advanced enabled
[21Feb2023 18:32:49.361] [Render-Thread/DEBUG] [ModernUI/OpenGL]: NV blend equation advanced coherent enabled
[21Feb2023 18:32:49.361] [Render-Thread/DEBUG] [ModernUI/OpenGL]: Using OpenGL 4.5 Core
[21Feb2023 18:32:49.720] [Render-Thread/DEBUG] [ModernUI/OpenGL]: (API|Other|0x20071) Buffer detailed info: Buffer object 10 (bound to NONE, usage hint is GL_STATIC_DRAW) will use VIDEO memory as the source for buffer object operations.
[21Feb2023 18:32:49.750] [Render-Thread/DEBUG] [ModernUI/Canvas]: Vertex buffers: PC 7, PCT 8, Glyph 9, Index buffer: Glyph 10
[21Feb2023 18:32:49.750] [Render-Thread/INFO] [ModernUI/Canvas]: Created OpenGL surface canvas
[21Feb2023 18:32:49.796] [UI-Thread/INFO] [ModernUI/Core]: Installing view protocol
[21Feb2023 18:32:49.904] [UI-Thread/INFO] [ModernUI/Core]: Starting main fragment
[21Feb2023 18:32:49.906] [UI-Thread/INFO] [ModernUI/Core]: Looping UI thread
[21Feb2023 18:32:49.915] [Main-Thread/INFO] [ModernUI/Core]: Looping main thread
[21Feb2023 18:32:50.029] [Render-Thread/INFO] [ModernUI/Canvas]: Loaded OpenGL canvas shaders
